Build started 2015/11/25 下午 07:01:17.
     1>Project "\\psf\Home\Documents\comp4411\pj4\AniSkelF14\Animator.vcxproj" on node 2 (Build target(s)).
     1>ClCompile:
         C:\Program Files (x86)\Microsoft Visual Studio 12.0\VC\bin\CL.exe /c /Ilocal/include /Zi /nologo /W3 /WX- /O2 /Ob1 /Oy- /D WIN32 /D NDEBUG /D _CONSOLE /D SAMPLE_SOLUTION /D _VC80_UPGRADE=0x0600 /D _MBCS /GF /Gm- /EHsc /MD /GS /Gy /fp:precise /Zc:wchar_t /Zc:forScope /Fo".\Release/" /Fd".\Release/vc120.pdb" /Gd /TP /analyze- /errorReport:prompt Force.cpp Gavity.cpp PointParticle.cpp bsplinecurveevaluator.cpp catmullromcurveevaluator.cpp modelerapp.cpp modelerui.cpp modelerview.cpp particle.cpp particleSystem.cpp robotarm.cpp
         Force.cpp
         Gavity.cpp
         PointParticle.cpp
         bsplinecurveevaluator.cpp
     1>\\psf\home\documents\comp4411\pj4\aniskelf14\mat.h(479): warning C4244: 'argument' : conversion from 'const double' to 'float', possible loss of data
                 bsplinecurveevaluator.cpp(9) : see reference to function template instantiation 'Mat4<float> operator /<float>(const Mat4<float> &,const double)' being compiled
         catmullromcurveevaluator.cpp
     1>\\psf\home\documents\comp4411\pj4\aniskelf14\mat.h(479): warning C4244: 'argument' : conversion from 'const double' to 'float', possible loss of data
                 catmullromcurveevaluator.cpp(9) : see reference to function template instantiation 'Mat4<float> operator /<float>(const Mat4<float> &,const double)' being compiled
         modelerapp.cpp
     1>modelerapp.cpp(41): warning C4996: 'strncpy': This function or variable may be unsafe. Consider using strncpy_s instead. To disable deprecation, use _CRT_SECURE_NO_WARNINGS. See online help for details.
                 C:\Program Files (x86)\Microsoft Visual Studio 12.0\VC\include\string.h(195) : see declaration of 'strncpy'
     1>modelerapp.cpp(132): warning C4244: 'argument' : conversion from 'double' to 'float', possible loss of data
         modelerui.cpp
     1>modelerui.cpp(57): warning C4996: '_splitpath': This function or variable may be unsafe. Consider using _splitpath_s instead. To disable deprecation, use _CRT_SECURE_NO_WARNINGS. See online help for details.
                 C:\Program Files (x86)\Microsoft Visual Studio 12.0\VC\include\stdlib.h(854) : see declaration of '_splitpath'
     1>modelerui.cpp(86): warning C4996: '_splitpath': This function or variable may be unsafe. Consider using _splitpath_s instead. To disable deprecation, use _CRT_SECURE_NO_WARNINGS. See online help for details.
                 C:\Program Files (x86)\Microsoft Visual Studio 12.0\VC\include\stdlib.h(854) : see declaration of '_splitpath'
     1>modelerui.cpp(109): warning C4996: '_splitpath': This function or variable may be unsafe. Consider using _splitpath_s instead. To disable deprecation, use _CRT_SECURE_NO_WARNINGS. See online help for details.
                 C:\Program Files (x86)\Microsoft Visual Studio 12.0\VC\include\stdlib.h(854) : see declaration of '_splitpath'
     1>modelerui.cpp(110): warning C4996: 'stricmp': The POSIX name for this item is deprecated. Instead, use the ISO C++ conformant name: _stricmp. See online help for details.
                 C:\Program Files (x86)\Microsoft Visual Studio 12.0\VC\include\string.h(253) : see declaration of 'stricmp'
     1>modelerui.cpp(246): warning C4244: 'argument' : conversion from 'double' to 'int', possible loss of data
     1>modelerui.cpp(398): warning C4244: 'initializing' : conversion from 'double' to 'float', possible loss of data
     1>modelerui.cpp(399): warning C4244: 'initializing' : conversion from 'double' to 'float', possible loss of data
     1>modelerui.cpp(425): warning C4244: 'initializing' : conversion from 'double' to 'float', possible loss of data
     1>modelerui.cpp(437): warning C4244: 'initializing' : conversion from 'double' to 'float', possible loss of data
     1>modelerui.cpp(450): warning C4244: 'argument' : conversion from 'double' to 'float', possible loss of data
     1>modelerui.cpp(460): warning C4244: 'argument' : conversion from 'double' to 'float', possible loss of data
     1>modelerui.cpp(470): warning C4244: 'argument' : conversion from 'double' to 'float', possible loss of data
     1>modelerui.cpp(561): warning C4244: 'initializing' : conversion from 'double' to 'float', possible loss of data
     1>modelerui.cpp(643): warning C4996: '_snprintf': This function or variable may be unsafe. Consider using _snprintf_s instead. To disable deprecation, use _CRT_SECURE_NO_WARNINGS. See online help for details.
                 C:\Program Files (x86)\Microsoft Visual Studio 12.0\VC\include\stdio.h(346) : see declaration of '_snprintf'
     1>modelerui.cpp(721): warning C4996: '_snprintf': This function or variable may be unsafe. Consider using _snprintf_s instead. To disable deprecation, use _CRT_SECURE_NO_WARNINGS. See online help for details.
                 C:\Program Files (x86)\Microsoft Visual Studio 12.0\VC\include\stdio.h(346) : see declaration of '_snprintf'
     1>modelerui.cpp(746): warning C4996: '_snprintf': This function or variable may be unsafe. Consider using _snprintf_s instead. To disable deprecation, use _CRT_SECURE_NO_WARNINGS. See online help for details.
                 C:\Program Files (x86)\Microsoft Visual Studio 12.0\VC\include\stdio.h(346) : see declaration of '_snprintf'
     1>modelerui.cpp(765): warning C4244: 'return' : conversion from 'double' to 'float', possible loss of data
     1>modelerui.cpp(808): warning C4996: '_snprintf': This function or variable may be unsafe. Consider using _snprintf_s instead. To disable deprecation, use _CRT_SECURE_NO_WARNINGS. See online help for details.
                 C:\Program Files (x86)\Microsoft Visual Studio 12.0\VC\include\stdio.h(346) : see declaration of '_snprintf'
         modelerview.cpp
         particle.cpp
         particleSystem.cpp
     1>particleSystem.cpp(120): warning C4244: 'argument' : conversion from 'float' to 'const int', possible loss of data
     1>particleSystem.cpp(136): warning C4244: 'argument' : conversion from 'float' to 'const int', possible loss of data
     1>particleSystem.cpp(138): warning C4244: 'argument' : conversion from 'float' to 'const int', possible loss of data
         robotarm.cpp
     1>robotarm.cpp : warning C4819: The file contains a character that cannot be represented in the current code page (950). Save the file in Unicode format to prevent data loss
         Generating Code...
       Link:
         C:\Program Files (x86)\Microsoft Visual Studio 12.0\VC\bin\link.exe /ERRORREPORT:PROMPT /OUT:".\Release\modeler.exe" /INCREMENTAL /NOLOGO /LIBPATH:local/lib opengl32.lib glu32.lib wsock32.lib fltk.lib odbc32.lib odbccp32.lib kernel32.lib user32.lib gdi32.lib winspool.lib comdlg32.lib advapi32.lib shell32.lib ole32.lib oleaut32.lib uuid.lib odbc32.lib odbccp32.lib /NODEFAULTLIB:libcmtd.lib /MANIFEST /MANIFESTUAC:"level='asInvoker' uiAccess='false'" /manifest:embed /DEBUG /PDB:".\Release/Animator.pdb" /SUBSYSTEM:CONSOLE /TLBID:1 /DYNAMICBASE:NO /IMPLIB:".\Release\modeler.lib" /MACHINE:X86 /SAFESEH:NO .\Release/beziercurveevaluator.obj
         .\Release/bsplinecurveevaluator.obj
         .\Release/bsplineevaluator.obj
         .\Release/catmullromcurveevaluator.obj
         .\Release/curve.obj
         .\Release/curveevaluator.obj
         .\Release/Force.obj
         .\Release/Gavity.obj
         .\Release/linearcurveevaluator.obj
         .\Release/camera.obj
         .\Release/LSystem.obj
         .\Release/modelerapp.obj
         .\Release/modelerdraw.obj
         .\Release/modelerui.obj
         .\Release/modeleruiwindows.obj
         .\Release/modelerview.obj
         .\Release/PointParticle.obj
         .\Release/robotarm.obj
         .\Release/bitmap.obj
         .\Release/particle.obj
         .\Release/particleSystem.obj
         .\Release/point.obj
         .\Release/pointObj.obj
         .\Release/graphwidget.obj
         .\Release/indicatorwindow.obj
         .\Release/rect.obj
         .\Release/rulerwindow.obj
         Animator.vcxproj -> \\psf\Home\Documents\comp4411\pj4\AniSkelF14\.\Release\modeler.exe
     1>Done Building Project "\\psf\Home\Documents\comp4411\pj4\AniSkelF14\Animator.vcxproj" (Build target(s)).

Build succeeded.

Time Elapsed 00:00:07.75
